<project>
  <licensing>
    <tag>EPL-2.0</tag>
    <file>LICENSE.md</file>
  </licensing>
  <module>
    <name>junit5-platform</name>
    <subDir>junit-platform-engine</subDir>
    <dependency>junit4</dependency>
    <dependency>apiguardian</dependency>
    <dependency>opentest4j</dependency>
    <build>
      <compiler>
        <addSourceRoot>src/main/java</addSourceRoot>
        <addSourceRoot>../junit-platform-commons/src/main/java</addSourceRoot>
        <addSourceRoot>../junit-platform-launcher/src/main/java</addSourceRoot>
        <addSourceRoot>../junit-platform-reporting/src/main/java</addSourceRoot>
        <addSourceRoot>../junit-platform-runner/src/main/java</addSourceRoot>
        <addSourceRoot>../junit-platform-suite-api/src/main/java</addSourceRoot>
        <addSourceRoot>../junit-platform-suite-commons/src/main/java</addSourceRoot>
      </compiler>
    </build>
  </module>
  <module>
    <name>junit5-jupiter</name>
    <subDir>junit-jupiter-engine</subDir>
    <dependency>junit5-platform</dependency>
    <dependency>junit4</dependency>
    <dependency>apiguardian</dependency>
    <dependency>opentest4j</dependency>
    <dependency>univocity-parsers</dependency>
    <build>
      <compiler>
        <addSourceRoot>src/main/java</addSourceRoot>
        <addSourceRoot>../junit-jupiter-api/src/main/java</addSourceRoot>
        <addSourceRoot>../junit-jupiter-migrationsupport/src/main/java</addSourceRoot>
        <addSourceRoot>../junit-jupiter-params/src/main/java</addSourceRoot>
        <addResource>src/main/resources</addResource>
      </compiler>
    </build>
  </module>
  <module>
    <name>junit5-vintage</name>
    <subDir>junit-vintage-engine</subDir>
    <dependency>junit5-platform</dependency>
    <dependency>junit4</dependency>
    <dependency>apiguardian</dependency>
    <dependency>opentest4j</dependency>
    <build>
      <compiler>
        <addSourceRoot>src/main/java</addSourceRoot>
        <addResource>src/main/resources</addResource>
      </compiler>
    </build>
  </module>
</project>
