<project>
  <licensing>
    <tag>EPL-1.0</tag>
    <file>LICENSE-junit.txt</file>
  </licensing>
  <module>
    <dependency>hamcrest</dependency>
    <build>
      <compiler>
        <addSourceRoot>src/main/java</addSourceRoot>
      </compiler>
    </build>
  </module>
</project>
